2022-11-22T16:06:04.198Z
cwd: /Users/ciandelle.scollan/Documents/Prototypes/get-help-cms-v13
package: govuk-prototype-kit@13.0.0
argv: /Users/ciandelle.scollan/.nvm/versions/node/v16.13.0/bin/node /Users/ciandelle.scollan/.npm/_npx/ab0cb2c39bc0319f/node_modules/.bin/govuk-prototype-kit migrate
Started [Check migration is being applied to a pre v13 prototype]
Succeeded [Check migration is being applied to a pre v13 prototype]
2022-11-22T16:06:18.305Z
cwd: /Users/ciandelle.scollan/Documents/Prototypes/get-help-cms-v13
package: govuk-prototype-kit@13.0.0
argv: /Users/ciandelle.scollan/.nvm/versions/node/v16.13.0/bin/node /Users/ciandelle.scollan/Documents/Prototypes/get-help-cms-v13/node_modules/.bin/govuk-prototype-kit migrate -- /Users/ciandelle.scollan/Documents/Prototypes/get-help-cms-v13
Started [Migrate config.js to config.json]
Started [Update application SCSS file]
Started [Deleted files that are no longer needed]
Started [Deleted directories that are no longer needed]
Started [Delete /Users/ciandelle.scollan/Documents/Prototypes/get-help-cms-v13/server.js]
Started [Delete /Users/ciandelle.scollan/Documents/Prototypes/get-help-cms-v13/listen-on-port.js]
Started [Delete /Users/ciandelle.scollan/Documents/Prototypes/get-help-cms-v13/start.js]
Started [Remove unused directory docs]
Started [Remove unused directory gulp]
Started [Remove unused directory lib]
Started [Remove unused directory public]
Started [Delete /Users/ciandelle.scollan/Documents/Prototypes/get-help-cms-v13/VERSION.txt]
Started [Delete /Users/ciandelle.scollan/Documents/Prototypes/get-help-cms-v13/Procfile]
Started [Delete /Users/ciandelle.scollan/Documents/Prototypes/get-help-cms-v13/gulpfile.js]
Succeeded [Migrate config.js to config.json]
Started [Overwrite app/assets/javascripts/application.js]
Started [Overwrite app/filters.js]
Started [Overwrite app/views/layout.html]
Succeeded [Delete /Users/ciandelle.scollan/Documents/Prototypes/get-help-cms-v13/server.js]
Succeeded [Delete /Users/ciandelle.scollan/Documents/Prototypes/get-help-cms-v13/listen-on-port.js]
Succeeded [Delete /Users/ciandelle.scollan/Documents/Prototypes/get-help-cms-v13/start.js]
Succeeded [Delete /Users/ciandelle.scollan/Documents/Prototypes/get-help-cms-v13/VERSION.txt]
copying from [/Users/ciandelle.scollan/Documents/Prototypes/get-help-cms-v13/node_modules/govuk-prototype-kit/prototype-starter/app/assets/javascripts/application.js] to [/Users/ciandelle.scollan/Documents/Prototypes/get-help-cms-v13/app/assets/javascripts/application.js]
copying from [/Users/ciandelle.scollan/Documents/Prototypes/get-help-cms-v13/node_modules/govuk-prototype-kit/prototype-starter/app/filters.js] to [/Users/ciandelle.scollan/Documents/Prototypes/get-help-cms-v13/app/filters.js]
Started [Delete app/assets/images/separator-2x.png]
Started [Delete app/assets/images/separator.png]
Succeeded [Delete /Users/ciandelle.scollan/Documents/Prototypes/get-help-cms-v13/Procfile]
Succeeded [Delete /Users/ciandelle.scollan/Documents/Prototypes/get-help-cms-v13/gulpfile.js]
Started [Delete app/assets/images/unbranded.ico]
Failed [Overwrite app/views/layout.html]
Started [Delete app/assets/javascripts/auto-store-data.js]
Started [Delete app/assets/sass/unbranded-ie8.scss]
Started [Delete app/assets/javascripts/jquery-1.11.3.js]
Started [Delete app/assets/sass/unbranded.scss]
Started [Delete app/views/includes/breadcrumb_examples.html]
Started [Delete app/views/layout_unbranded.html]
Started [Delete app/assets/sass/patterns/_related-items.scss]
Started [Delete app/assets/sass/patterns/_step-by-step-header.scss]
Started [Delete app/assets/sass/patterns/_step-by-step-related.scss]
Started [Delete app/assets/sass/patterns/_step-by-step-nav.scss]
Started [Delete app/assets/sass/patterns/_task-list.scss]
Succeeded [Deleted files that are no longer needed]
Found [// Add your routes here - above the module.exports line] in [/Users/ciandelle.scollan/Documents/Prototypes/get-help-cms-v13/app/routes.js, replacing
Found [// Add extra styles here, or re-organise the Sass files in whichever way makes most sense to you] in [/Users/ciandelle.scollan/Documents/Prototypes/get-help-cms-v13/app/assets/sass/application.scss, replacing
Keeping these lines from old file
Succeeded [Remove unused directory gulp]
Keeping these lines from old file
Succeeded [Delete app/assets/images/separator-2x.png]
Succeeded [Delete app/assets/images/separator.png]
Succeeded [Delete app/assets/javascripts/auto-store-data.js]
Succeeded [Delete app/assets/images/unbranded.ico]
Succeeded [Delete app/assets/sass/unbranded.scss]
Succeeded [Delete app/assets/javascripts/jquery-1.11.3.js]
Succeeded [Delete app/views/includes/breadcrumb_examples.html]
Succeeded [Delete app/assets/sass/unbranded-ie8.scss]
Succeeded [Delete app/views/layout_unbranded.html]
Succeeded [Delete app/assets/sass/patterns/_related-items.scss]
Succeeded [Delete app/assets/sass/patterns/_step-by-step-header.scss]
Succeeded [Delete app/assets/sass/patterns/_step-by-step-nav.scss]
Succeeded [Delete app/assets/sass/patterns/_step-by-step-related.scss]
Succeeded [Delete app/assets/sass/patterns/_task-list.scss]
Succeeded [Remove unused directory public]
Succeeded [Remove unused directory lib]
Succeeded [Update application SCSS file]
Succeeded [Remove unused directory docs]
Succeeded [Deleted directories that are no longer needed]
Succeeded [Overwrite app/assets/javascripts/application.js]
Succeeded [Overwrite app/filters.js]
// ,// For guidance on how to create routes see:,// https://prototype-kit.service.gov.uk/docs/routes,// ,,const govukPrototypeKit = require('govuk-prototype-kit'),const router = govukPrototypeKit.requests.setupRouter(),,// Add your routes here,,,module.exports = router,
Found [module.exports = router;,module.exports = router] in [/Users/ciandelle.scollan/Documents/Prototypes/get-help-cms-v13/app/routes.js, removing
Succeeded [Update routes file]
Started [Remove old pattern includes from application SCSS file]
Succeeded [Remove old pattern includes from application SCSS file]
Started [Remove empty directory /app/assets/sass/patterns]
Started [Remove empty directory /app/views/includes]
Started [Remove empty directory /app/assets/images]
Skipped deleting /app/views/includes
Succeeded [Remove empty directory /app/assets/sass/patterns]
Succeeded [Remove empty directory /app/assets/images]
